<?xml version="1.0" encoding="UTF-8"?>
<testng-results ignored="0" total="1" passed="1" failed="0" skipped="0">
  <reporter-output>
  </reporter-output>
  <suite started-at="2023-03-20T00:59:27 IST" name="Default suite" finished-at="2023-03-20T00:59:30 IST" duration-ms="2960">
    <groups>
    </groups>
    <test started-at="2023-03-20T00:59:27 IST" name="Default test" finished-at="2023-03-20T00:59:30 IST" duration-ms="2960">
      <class name="com.practice.PageTest">
        <test-method is-config="true" signature="stepUp()[pri:0, instance:com.practice.PageTest@4a94ee4]" started-at="2023-03-20T00:59:28 IST" name="stepUp" finished-at="2023-03-20T00:59:29 IST" duration-ms="1790" status="PASS">
          <reporter-output>
          </reporter-output>
        </test-method> <!-- stepUp -->
        <test-method signature="testMethod1()[pri:0, instance:com.practice.PageTest@4a94ee4]" started-at="2023-03-20T00:59:29 IST" name="testMethod1" finished-at="2023-03-20T00:59:30 IST" duration-ms="1121" status="PASS">
          <reporter-output>
          </reporter-output>
        </test-method> <!-- testMethod1 -->
      </class> <!-- com.practice.PageTest -->
    </test> <!-- Default test -->
  </suite> <!-- Default suite -->
</testng-results>
